#include "fn.hpp"
#include "student.hpp"

int main () {
    Animal stu("", "");
    
    if (Debug::debug) {
        Debug::run();
        return 0;
    }

    Animal Stu("", "");
     while (true) {
        fn::write("$", "");
        auto line = fn::input();
        auto args = fn::split(line, ' ');

        fn::write(line); //test echo

        if      (args[0] == "end"  ) { break;                               }

        else if (args[0] == "init" ) { Stu = Animal(args[1], args[2]);     }
        else if (args[0] == "grow" ) { Stu.envelhecer(+args[1]);                  }
        else if (args[0] == "noise") { Stu.fazerBarulho();              }
        else if (args[0] == "show" ) { Stu.show();               }

        else                         { fn::write("fail: comando invalido"); }
    }
}
